=== Starting rdst upstream sync and pitch deck update at Sat Apr 25 08:00:01 AM CEST 2026 ===
Fetching upstream...
From github.com:lindestad/rdst
   dce1631..41de457  main       -> upstream/main
   9039a53..41de457  storm      -> upstream/storm
Checking if we can fast-forward...
Merging upstream/main into main...
Merge made by the 'ort' strategy.
 .gitignore                                         |    3 +
 README.md                                          |    2 +
 .../2026-04-24-nile-digital-twin/L2-sim-engine.md  |   60 +-
 horizon/nile-digital-twin/README.md                |  162 +
 horizon/nile-digital-twin/api/__init__.py          |    0
 horizon/nile-digital-twin/api/__main__.py          |    7 +
 horizon/nile-digital-twin/api/app.py               |   29 +
 horizon/nile-digital-twin/api/deps.py              |   22 +
 horizon/nile-digital-twin/api/routes/__init__.py   |    0
 horizon/nile-digital-twin/api/routes/health.py     |    8 +
 horizon/nile-digital-twin/api/routes/nodes.py      |   46 +
 horizon/nile-digital-twin/api/routes/overlays.py   |   29 +
 horizon/nile-digital-twin/api/routes/scenarios.py  |   98 +
 horizon/nile-digital-twin/api/scenario_store.py    |   45 +
 horizon/nile-digital-twin/api/stub_sim.py          |   44 +
 horizon/nile-digital-twin/calibration/__init__.py  |    0
 horizon/nile-digital-twin/calibration/calibrate.py |  103 +
 .../nile-digital-twin/calibration/grdc_fetch.py    |   66 +
 horizon/nile-digital-twin/calibration/report.py    |   66 +
 horizon/nile-digital-twin/dataloader/__init__.py   |    0
 horizon/nile-digital-twin/dataloader/__main__.py   |   45 +
 horizon/nile-digital-twin/dataloader/aggregate.py  |   76 +
 horizon/nile-digital-twin/dataloader/config.py     |   14 +
 horizon/nile-digital-twin/dataloader/era5.py       |  129 +
 horizon/nile-digital-twin/dataloader/forcings.py   |   62 +
 horizon/nile-digital-twin/dataloader/nodes.py      |  221 +
 horizon/nile-digital-twin/dataloader/overlays.py   |   47 +
 horizon/nile-digital-twin/dataloader/penman.py     |   42 +
 horizon/nile-digital-twin/dataloader/tiles.py      |   44 +
 .../nile-digital-twin/demo_scenarios/__init__.py   |    0
 .../demo_scenarios/build_canned.py                 |  113 +
 .../nile-digital-twin/docs/calibration-report.html |   12 +
 horizon/nile-digital-twin/docs/data-sources.md     |  174 +
 horizon/nile-digital-twin/docs/pitch.md            |  116 +
 .../drafts/nile-flow-simulator/README.md           |   38 +
 .../nile-flow-simulator/frontend/src/App.tsx       |  847 +++
 .../frontend/src/copernicusData/README.md          |   40 +
 .../src/copernicusData/copernicusBaseline.ts       |  130 +
 .../tools/copernicus_baseline.py                   |  278 +
 horizon/nile-digital-twin/frontend/index.html      |   12 +
 .../nile-digital-twin/frontend/package-lock.json   | 6606 ++++++++++++++++++++
 horizon/nile-digital-twin/frontend/package.json    |   35 +
 .../nile-digital-twin/frontend/postcss.config.js   |    3 +
 .../frontend/public/nile-style.json                |   27 +
 horizon/nile-digital-twin/frontend/src/App.tsx     |   58 +
 .../nile-digital-twin/frontend/src/api/client.ts   |   57 +
 .../nile-digital-twin/frontend/src/api/types.ts    |   81 +
 .../frontend/src/components/CompareView.tsx        |   72 +
 .../frontend/src/components/Header.tsx             |   60 +
 .../frontend/src/components/LeftRail.tsx           |  107 +
 .../frontend/src/components/MonthScrubber.tsx      |   27 +
 .../frontend/src/components/NileMap.tsx            |  149 +
 .../frontend/src/components/NodeInspector.tsx      |   48 +
 .../frontend/src/components/RightRail.tsx          |   54 +
 .../frontend/src/components/ScenarioTray.tsx       |   84 +
 horizon/nile-digital-twin/frontend/src/index.css   |    6 +
 .../frontend/src/lib/kpiChart.tsx                  |   41 +
 horizon/nile-digital-twin/frontend/src/lib/ndvi.ts |   44 +
 horizon/nile-digital-twin/frontend/src/main.tsx    |    9 +
 .../frontend/src/plotly-shim.d.ts                  |    4 +
 .../nile-digital-twin/frontend/src/state/store.ts  |  184 +
 .../nile-digital-twin/frontend/tailwind.config.js  |    6 +
 .../nile-digital-twin/frontend/tests/api.test.ts   |   42 +
 .../nile-digital-twin/frontend/tests/store.test.ts |   30 +
 horizon/nile-digital-twin/frontend/tsconfig.json   |   22 +
 horizon/nile-digital-twin/frontend/vite.config.ts  |   20 +
 horizon/nile-digital-twin/optimize/__init__.py     |    0
 horizon/nile-digital-twin/optimize/grid_search.py  |   58 +
 horizon/nile-digital-twin/pyproject.toml           |   38 +
 horizon/nile-digital-twin/simengine/__init__.py    |    0
 horizon/nile-digital-twin/simengine/__main__.py    |   19 +
 horizon/nile-digital-twin/simengine/crop_water.py  |   13 +
 horizon/nile-digital-twin/simengine/engine.py      |  122 +
 horizon/nile-digital-twin/simengine/forcings.py    |   14 +
 horizon/nile-digital-twin/simengine/graph.py       |   91 +
 horizon/nile-digital-twin/simengine/kpi.py         |   35 +
 .../nile-digital-twin/simengine/nodes/__init__.py  |    3 +
 horizon/nile-digital-twin/simengine/nodes/base.py  |   39 +
 .../simengine/nodes/confluence.py                  |   12 +
 .../simengine/nodes/demand_irrigation.py           |   41 +
 .../simengine/nodes/demand_municipal.py            |   33 +
 horizon/nile-digital-twin/simengine/nodes/reach.py |   29 +
 .../nile-digital-twin/simengine/nodes/reservoir.py |   91 +
 horizon/nile-digital-twin/simengine/nodes/sink.py  |   20 +
 .../nile-digital-twin/simengine/nodes/source.py    |   22 +
 .../nile-digital-twin/simengine/nodes/wetland.py   |   18 +
 horizon/nile-digital-twin/simengine/scenario.py    |   72 +
 horizon/nile-digital-twin/simengine/scoring.py     |   34 +
 horizon/nile-digital-twin/tests/__init__.py        |    0
 horizon/nile-digital-twin/tests/conftest.py        |  107 +
 .../tests/fixtures/three_node_config.yaml          |   18 +
 .../tests/fixtures/three_node_topology.json        |    1 +
 horizon/nile-digital-twin/tests/test_aggregate.py  |   37 +
 horizon/nile-digital-twin/tests/test_crop_water.py |   13 +
 .../tests/test_demand_irrigation.py                |   28 +
 .../tests/test_demand_municipal.py                 |   13 +
 .../tests/test_engine_mass_balance.py              |   64 +
 horizon/nile-digital-twin/tests/test_era5.py       |   56 +
 horizon/nile-digital-twin/tests/test_forcings.py   |   27 +
 horizon/nile-digital-twin/tests/test_graph.py      |   31 +
 horizon/nile-digital-twin/tests/test_health.py     |   10 +
 .../tests/test_integration_stub.py                 |   53 +
 horizon/nile-digital-twin/tests/test_kpi.py        |   20 +
 horizon/nile-digital-twin/tests/test_nodes.py      |   43 +
 .../nile-digital-twin/tests/test_nodes_route.py    |   38 +
 horizon/nile-digital-twin/tests/test_overlays.py   |   18 +
 .../nile-digital-twin/tests/test_overlays_route.py |   17 +
 horizon/nile-digital-twin/tests/test_penman.py     |   33 +
 horizon/nile-digital-twin/tests/test_reach.py      |   36 +
 horizon/nile-digital-twin/tests/test_reservoir.py  |   89 +
 horizon/nile-digital-twin/tests/test_scenario.py   |   39 +
 .../nile-digital-twin/tests/test_scenario_store.py |   33 +
 .../tests/test_scenarios_route.py                  |   64 +
 horizon/nile-digital-twin/tests/test_scoring.py    |   22 +
 horizon/nile-digital-twin/tests/test_sink.py       |   35 +
 horizon/nile-digital-twin/tests/test_source.py     |   32 +
 horizon/nile-digital-twin/tests/test_wetland.py    |   13 +
 117 files changed, 12883 insertions(+), 17 deletions(-)
 create mode 100644 horizon/nile-digital-twin/README.md
 create mode 100644 horizon/nile-digital-twin/api/__init__.py
 create mode 100644 horizon/nile-digital-twin/api/__main__.py
 create mode 100644 horizon/nile-digital-twin/api/app.py
 create mode 100644 horizon/nile-digital-twin/api/deps.py
 create mode 100644 horizon/nile-digital-twin/api/routes/__init__.py
 create mode 100644 horizon/nile-digital-twin/api/routes/health.py
 create mode 100644 horizon/nile-digital-twin/api/routes/nodes.py
 create mode 100644 horizon/nile-digital-twin/api/routes/overlays.py
 create mode 100644 horizon/nile-digital-twin/api/routes/scenarios.py
 create mode 100644 horizon/nile-digital-twin/api/scenario_store.py
 create mode 100644 horizon/nile-digital-twin/api/stub_sim.py
 create mode 100644 horizon/nile-digital-twin/calibration/__init__.py
 create mode 100644 horizon/nile-digital-twin/calibration/calibrate.py
 create mode 100644 horizon/nile-digital-twin/calibration/grdc_fetch.py
 create mode 100644 horizon/nile-digital-twin/calibration/report.py
 create mode 100644 horizon/nile-digital-twin/dataloader/__init__.py
 create mode 100644 horizon/nile-digital-twin/dataloader/__main__.py
 create mode 100644 horizon/nile-digital-twin/dataloader/aggregate.py
 create mode 100644 horizon/nile-digital-twin/dataloader/config.py
 create mode 100644 horizon/nile-digital-twin/dataloader/era5.py
 create mode 100644 horizon/nile-digital-twin/dataloader/forcings.py
 create mode 100644 horizon/nile-digital-twin/dataloader/nodes.py
 create mode 100644 horizon/nile-digital-twin/dataloader/overlays.py
 create mode 100644 horizon/nile-digital-twin/dataloader/penman.py
 create mode 100644 horizon/nile-digital-twin/dataloader/tiles.py
 create mode 100644 horizon/nile-digital-twin/demo_scenarios/__init__.py
 create mode 100644 horizon/nile-digital-twin/demo_scenarios/build_canned.py
 create mode 100644 horizon/nile-digital-twin/docs/calibration-report.html
 create mode 100644 horizon/nile-digital-twin/docs/data-sources.md
 create mode 100644 horizon/nile-digital-twin/docs/pitch.md
 create mode 100644 horizon/nile-digital-twin/drafts/nile-flow-simulator/README.md
 create mode 100644 horizon/nile-digital-twin/drafts/nile-flow-simulator/frontend/src/App.tsx
 create mode 100644 horizon/nile-digital-twin/drafts/nile-flow-simulator/frontend/src/copernicusData/README.md
 create mode 100644 horizon/nile-digital-twin/drafts/nile-flow-simulator/frontend/src/copernicusData/copernicusBaseline.ts
 create mode 100644 horizon/nile-digital-twin/drafts/nile-flow-simulator/tools/copernicus_baseline.py
 create mode 100644 horizon/nile-digital-twin/frontend/index.html
 create mode 100644 horizon/nile-digital-twin/frontend/package-lock.json
 create mode 100644 horizon/nile-digital-twin/frontend/package.json
 create mode 100644 horizon/nile-digital-twin/frontend/postcss.config.js
 create mode 100644 horizon/nile-digital-twin/frontend/public/nile-style.json
 create mode 100644 horizon/nile-digital-twin/frontend/src/App.tsx
 create mode 100644 horizon/nile-digital-twin/frontend/src/api/client.ts
 create mode 100644 horizon/nile-digital-twin/frontend/src/api/types.ts
 create mode 100644 horizon/nile-digital-twin/frontend/src/components/CompareView.tsx
 create mode 100644 horizon/nile-digital-twin/frontend/src/components/Header.tsx
 create mode 100644 horizon/nile-digital-twin/frontend/src/components/LeftRail.tsx
 create mode 100644 horizon/nile-digital-twin/frontend/src/components/MonthScrubber.tsx
 create mode 100644 horizon/nile-digital-twin/frontend/src/components/NileMap.tsx
 create mode 100644 horizon/nile-digital-twin/frontend/src/components/NodeInspector.tsx
 create mode 100644 horizon/nile-digital-twin/frontend/src/components/RightRail.tsx
 create mode 100644 horizon/nile-digital-twin/frontend/src/components/ScenarioTray.tsx
 create mode 100644 horizon/nile-digital-twin/frontend/src/index.css
 create mode 100644 horizon/nile-digital-twin/frontend/src/lib/kpiChart.tsx
 create mode 100644 horizon/nile-digital-twin/frontend/src/lib/ndvi.ts
 create mode 100644 horizon/nile-digital-twin/frontend/src/main.tsx
 create mode 100644 horizon/nile-digital-twin/frontend/src/plotly-shim.d.ts
 create mode 100644 horizon/nile-digital-twin/frontend/src/state/store.ts
 create mode 100644 horizon/nile-digital-twin/frontend/tailwind.config.js
 create mode 100644 horizon/nile-digital-twin/frontend/tests/api.test.ts
 create mode 100644 horizon/nile-digital-twin/frontend/tests/store.test.ts
 create mode 100644 horizon/nile-digital-twin/frontend/tsconfig.json
 create mode 100644 horizon/nile-digital-twin/frontend/vite.config.ts
 create mode 100644 horizon/nile-digital-twin/optimize/__init__.py
 create mode 100644 horizon/nile-digital-twin/optimize/grid_search.py
 create mode 100644 horizon/nile-digital-twin/pyproject.toml
 create mode 100644 horizon/nile-digital-twin/simengine/__init__.py
 create mode 100644 horizon/nile-digital-twin/simengine/__main__.py
 create mode 100644 horizon/nile-digital-twin/simengine/crop_water.py
 create mode 100644 horizon/nile-digital-twin/simengine/engine.py
 create mode 100644 horizon/nile-digital-twin/simengine/forcings.py
 create mode 100644 horizon/nile-digital-twin/simengine/graph.py
 create mode 100644 horizon/nile-digital-twin/simengine/kpi.py
 create mode 100644 horizon/nile-digital-twin/simengine/nodes/__init__.py
 create mode 100644 horizon/nile-digital-twin/simengine/nodes/base.py
 create mode 100644 horizon/nile-digital-twin/simengine/nodes/confluence.py
 create mode 100644 horizon/nile-digital-twin/simengine/nodes/demand_irrigation.py
 create mode 100644 horizon/nile-digital-twin/simengine/nodes/demand_municipal.py
 create mode 100644 horizon/nile-digital-twin/simengine/nodes/reach.py
 create mode 100644 horizon/nile-digital-twin/simengine/nodes/reservoir.py
 create mode 100644 horizon/nile-digital-twin/simengine/nodes/sink.py
 create mode 100644 horizon/nile-digital-twin/simengine/nodes/source.py
 create mode 100644 horizon/nile-digital-twin/simengine/nodes/wetland.py
 create mode 100644 horizon/nile-digital-twin/simengine/scenario.py
 create mode 100644 horizon/nile-digital-twin/simengine/scoring.py
 create mode 100644 horizon/nile-digital-twin/tests/__init__.py
 create mode 100644 horizon/nile-digital-twin/tests/conftest.py
 create mode 100644 horizon/nile-digital-twin/tests/fixtures/three_node_config.yaml
 create mode 100644 horizon/nile-digital-twin/tests/fixtures/three_node_topology.json
 create mode 100644 horizon/nile-digital-twin/tests/test_aggregate.py
 create mode 100644 horizon/nile-digital-twin/tests/test_crop_water.py
 create mode 100644 horizon/nile-digital-twin/tests/test_demand_irrigation.py
 create mode 100644 horizon/nile-digital-twin/tests/test_demand_municipal.py
 create mode 100644 horizon/nile-digital-twin/tests/test_engine_mass_balance.py
 create mode 100644 horizon/nile-digital-twin/tests/test_era5.py
 create mode 100644 horizon/nile-digital-twin/tests/test_forcings.py
 create mode 100644 horizon/nile-digital-twin/tests/test_graph.py
 create mode 100644 horizon/nile-digital-twin/tests/test_health.py
 create mode 100644 horizon/nile-digital-twin/tests/test_integration_stub.py
 create mode 100644 horizon/nile-digital-twin/tests/test_kpi.py
 create mode 100644 horizon/nile-digital-twin/tests/test_nodes.py
 create mode 100644 horizon/nile-digital-twin/tests/test_nodes_route.py
 create mode 100644 horizon/nile-digital-twin/tests/test_overlays.py
 create mode 100644 horizon/nile-digital-twin/tests/test_overlays_route.py
 create mode 100644 horizon/nile-digital-twin/tests/test_penman.py
 create mode 100644 horizon/nile-digital-twin/tests/test_reach.py
 create mode 100644 horizon/nile-digital-twin/tests/test_reservoir.py
 create mode 100644 horizon/nile-digital-twin/tests/test_scenario.py
 create mode 100644 horizon/nile-digital-twin/tests/test_scenario_store.py
 create mode 100644 horizon/nile-digital-twin/tests/test_scenarios_route.py
 create mode 100644 horizon/nile-digital-twin/tests/test_scoring.py
 create mode 100644 horizon/nile-digital-twin/tests/test_sink.py
 create mode 100644 horizon/nile-digital-twin/tests/test_source.py
 create mode 100644 horizon/nile-digital-twin/tests/test_wetland.py
Push to origin/main...
To github.com:EonHermes/rdst.git
   dc9e298..4aedecf  main -> main
Pitch deck already exists. Appending any new insights from design docs...
Pitch deck found at /home/dl/rdst/pitch_deck/pitch_deck.md. No automatic update performed.
No changes to pitch deck.
=== Finished at Sat Apr 25 08:00:05 AM CEST 2026 ===
